0 info it worked if it ends with ok
1 verbose cli [ '/usr/bin/nodejs', '/usr/bin/npm', 'start' ]
2 info using npm@3.10.10
3 info using node@v6.11.1
4 verbose run-script [ 'prestart', 'start', 'poststart' ]
5 info lifecycle screen-management@0.0.0~prestart: screen-management@0.0.0
6 silly lifecycle screen-management@0.0.0~prestart: no script for prestart, continuing
7 info lifecycle screen-management@0.0.0~start: screen-management@0.0.0
8 verbose lifecycle screen-management@0.0.0~start: unsafe-perm in lifecycle true
9 verbose lifecycle screen-management@0.0.0~start: PATH: /usr/lib/node_modules/npm/bin/node-gyp-bin:/mnt/d/_git/screen-management/node_modules/.bin:/usr/local/sbin:/usr/local/bin:/usr/sbin:/usr/bin:/sbin:/bin:/usr/games:/usr/local/games:/mnt/c/Program Files (x86)/ConEmu/ConEmu/Scripts:/mnt/c/Program Files (x86)/ConEmu:/mnt/c/Program Files (x86)/ConEmu/ConEmu:/mnt/c/Program Files/Docker/Docker/resources/bin:/mnt/c/Python36/Scripts:/mnt/c/Python36:/mnt/c/tools/ruby24/bin:/mnt/c/Windows/System32:/mnt/c/Windows:/mnt/c/Windows/System32/wbem:/mnt/c/Windows/System32/WindowsPowerShell/v1.0:/mnt/c/Program Files (x86)/Windows Kits/8.1/Windows Performance Toolkit:/mnt/c/Program Files/Microsoft SQL Server/110/Tools/Binn:/mnt/c/Program Files (x86)/QuickTime/QTSystem:/mnt/c/Program Files/Git/cmd:/mnt/c/Program Files/Git/mingw64/bin:/mnt/c/Program Files/Git/usr/bin:/mnt/c/Program Files/nodejs:/mnt/c/ProgramData/chocolatey/bin:/mnt/c/tools/mongodb.portable/bin:/mnt/c/Program Files (x86)/PuTTY:/mnt/c/Program Files (x86)/NVIDIA Corporation/PhysX/Common:/mnt/c/Users/jdonado/AppData/Local/Microsoft/WindowsApps:/mnt/c/Program Files (x86)/Microsoft VS Code/bin:/mnt/c/Users/jdonado/AppData/Roaming/npm
10 verbose lifecycle screen-management@0.0.0~start: CWD: /mnt/d/_git/screen-management
11 silly lifecycle screen-management@0.0.0~start: Args: [ '-c', 'node ./main.js' ]
12 silly lifecycle screen-management@0.0.0~start: Returned: code: 1  signal: null
13 info lifecycle screen-management@0.0.0~start: Failed to exec start script
14 verbose stack Error: screen-management@0.0.0 start: `node ./main.js`
14 verbose stack Exit status 1
14 verbose stack     at EventEmitter.<anonymous> (/usr/lib/node_modules/npm/lib/utils/lifecycle.js:255:16)
14 verbose stack     at emitTwo (events.js:106:13)
14 verbose stack     at EventEmitter.emit (events.js:191:7)
14 verbose stack     at ChildProcess.<anonymous> (/usr/lib/node_modules/npm/lib/utils/spawn.js:40:14)
14 verbose stack     at emitTwo (events.js:106:13)
14 verbose stack     at ChildProcess.emit (events.js:191:7)
14 verbose stack     at maybeClose (internal/child_process.js:891:16)
14 verbose stack     at Process.ChildProcess._handle.onexit (internal/child_process.js:226:5)
15 verbose pkgid screen-management@0.0.0
16 verbose cwd /mnt/d/_git/screen-management
17 error Linux 4.4.0-43-Microsoft
18 error argv "/usr/bin/nodejs" "/usr/bin/npm" "start"
19 error node v6.11.1
20 error npm  v3.10.10
21 error code ELIFECYCLE
22 error screen-management@0.0.0 start: `node ./main.js`
22 error Exit status 1
23 error Failed at the screen-management@0.0.0 start script 'node ./main.js'.
23 error Make sure you have the latest version of node.js and npm installed.
23 error If you do, this is most likely a problem with the screen-management package,
23 error not with npm itself.
23 error Tell the author that this fails on your system:
23 error     node ./main.js
23 error You can get information on how to open an issue for this project with:
23 error     npm bugs screen-management
23 error Or if that isn't available, you can get their info via:
23 error     npm owner ls screen-management
23 error There is likely additional logging output above.
24 verbose exit [ 1, true ]
